2023-02-08 17:39:52,835 INFO o.a.j.u.JMeterUtils: Setting Locale to en_EN
2023-02-08 17:39:52,863 INFO o.a.j.JMeter: Loading user properties from: /Users/gigai/apache-jmeter-5.5/bin/user.properties
2023-02-08 17:39:52,863 INFO o.a.j.JMeter: Loading system properties from: /Users/gigai/apache-jmeter-5.5/bin/system.properties
2023-02-08 17:39:52,870 INFO o.a.j.JMeter: Copyright (c) 1998-2022 The Apache Software Foundation
2023-02-08 17:39:52,870 INFO o.a.j.JMeter: Version 5.5
2023-02-08 17:39:52,870 INFO o.a.j.JMeter: java.version=11.0.16
2023-02-08 17:39:52,870 INFO o.a.j.JMeter: java.vm.name=Java HotSpot(TM) 64-Bit Server VM
2023-02-08 17:39:52,870 INFO o.a.j.JMeter: os.name=Mac OS X
2023-02-08 17:39:52,870 INFO o.a.j.JMeter: os.arch=x86_64
2023-02-08 17:39:52,870 INFO o.a.j.JMeter: os.version=13.1
2023-02-08 17:39:52,870 INFO o.a.j.JMeter: file.encoding=UTF-8
2023-02-08 17:39:52,870 INFO o.a.j.JMeter: java.awt.headless=null
2023-02-08 17:39:52,871 INFO o.a.j.JMeter: Max memory     =1073741824
2023-02-08 17:39:52,871 INFO o.a.j.JMeter: Available Processors =16
2023-02-08 17:39:52,881 INFO o.a.j.JMeter: Default Locale=English (EN)
2023-02-08 17:39:52,881 INFO o.a.j.JMeter: JMeter  Locale=English (EN)
2023-02-08 17:39:52,881 INFO o.a.j.JMeter: JMeterHome=/Users/gigai/apache-jmeter-5.5
2023-02-08 17:39:52,881 INFO o.a.j.JMeter: user.dir  =/Volumes/Gene/笔记/Handbook
2023-02-08 17:39:52,881 INFO o.a.j.JMeter: PWD       =/Volumes/Gene/笔记/Handbook
2023-02-08 17:39:52,882 INFO o.a.j.JMeter: IP: 10.1.1.142 Name: bogon FullName: bogon
2023-02-08 17:39:52,898 INFO o.a.j.JMeter: Loaded icon properties from org/apache/jmeter/images/icon.properties
2023-02-08 17:39:53,320 INFO o.a.j.JMeterGuiLauncher: Setting LAF to: com.github.weisj.darklaf.DarkLaf:com.github.weisj.darklaf.theme.IntelliJTheme
2023-02-08 17:40:10,308 INFO o.a.j.s.FileServer: Default base='/Volumes/Gene/笔记/Handbook'
2023-02-08 17:40:10,310 INFO o.a.j.g.a.Load: Loading file: /Users/gigai/Thread Group.jmx
2023-02-08 17:40:10,310 INFO o.a.j.s.FileServer: Set new base='/Users/gigai'
2023-02-08 17:40:10,457 INFO o.a.j.s.SaveService: Testplan (JMX) version: 2.2. Testlog (JTL) version: 2.2
2023-02-08 17:40:10,478 INFO o.a.j.s.SaveService: Using SaveService properties version 5.0
2023-02-08 17:40:10,480 INFO o.a.j.s.SaveService: Using SaveService properties file encoding UTF-8
2023-02-08 17:40:10,481 INFO o.a.j.s.SaveService: Loading file: /Users/gigai/Thread Group.jmx
2023-02-08 17:40:10,522 INFO o.a.j.s.FileServer: Set new base='/Users/gigai'
2023-02-08 17:40:28,030 INFO o.a.j.u.JMeterUtils: Setting Locale to zh_CN
